<?xml version="1.0" encoding="UTF-8"?>
<!-- Generated by org.testng.reporters.JUnitXMLReporter -->
<testsuite ignored="0" hostname="BINTERNS-QA16L" failures="0" tests="9" name="Default test" time="69.519" errors="0" timestamp="2023-03-28T16:43:40 IST">
  <testcase classname="Framework.TestTest" name="createAccount" time="7.781"/>
  <testcase classname="Framework.TestTest" name="create" time="6.935"/>
  <testcase classname="Framework.TestTest" name="Account" time="6.979"/>
  <testcase classname="Framework.TestTest" name="cAccount" time="6.403"/>
  <testcase classname="Framework.TestTest" name="createA" time="6.55"/>
  <testcase classname="Framework.TestTest" name="createAcc" time="7.548"/>
  <testcase classname="Framework.TestTest" name="createe" time="6.695"/>
  <testcase classname="Framework.TestTest" name="created" time="7.971"/>
  <testcase classname="Framework.TestTest" name="createdd" time="12.612"/>
</testsuite> <!-- Default test -->
