<?xml version="1.0" encoding="UTF-8"?>
<!-- Generated by org.testng.reporters.JUnitXMLReporter -->
<testsuite ignored="2" hostname="BINTERNS-QA16L" failures="0" tests="1" name="Test" time="0.063" errors="0" timestamp="2023-03-06T15:27:28 IST">
  <testcase classname="annotations.groupingTest" name="login" time="0.009"/>
  <testcase classname="annotations.groupingTest" name="loginByTwitter" time="0.0">
    <ignored/>
  </testcase> <!-- loginByTwitter -->
  <testcase classname="annotations.groupingTest" name="loginByFacebook" time="0.0">
    <ignored/>
  </testcase> <!-- loginByFacebook -->
</testsuite> <!-- Test -->
