<?xml version="1.0" encoding="UTF-8"?>
<testng-results ignored="0" total="9" passed="9" failed="0" skipped="0">
  <reporter-output>
  </reporter-output>
  <suite started-at="2023-03-28T16:42:31 IST" name="Default suite" finished-at="2023-03-28T16:43:40 IST" duration-ms="69519">
    <groups>
    </groups>
    <test started-at="2023-03-28T16:42:31 IST" name="Default test" finished-at="2023-03-28T16:43:40 IST" duration-ms="69519">
      <class name="Framework.TestTest">
        <test-method signature="createAccount()[pri:1, instance:Framework.TestTest@17fc391b]" started-at="2023-03-28T16:42:31 IST" name="createAccount" finished-at="2023-03-28T16:42:38 IST" duration-ms="7781" status="PASS">
          <reporter-output>
          </reporter-output>
        </test-method> <!-- createAccount -->
        <test-method signature="create()[pri:2, instance:Framework.TestTest@17fc391b]" started-at="2023-03-28T16:42:38 IST" name="create" finished-at="2023-03-28T16:42:45 IST" duration-ms="6935" status="PASS">
          <reporter-output>
          </reporter-output>
        </test-method> <!-- create -->
        <test-method signature="Account()[pri:3, instance:Framework.TestTest@17fc391b]" started-at="2023-03-28T16:42:45 IST" name="Account" finished-at="2023-03-28T16:42:52 IST" duration-ms="6979" status="PASS">
          <reporter-output>
          </reporter-output>
        </test-method> <!-- Account -->
        <test-method signature="cAccount()[pri:4, instance:Framework.TestTest@17fc391b]" started-at="2023-03-28T16:42:52 IST" name="cAccount" finished-at="2023-03-28T16:42:59 IST" duration-ms="6403" status="PASS">
          <reporter-output>
          </reporter-output>
        </test-method> <!-- cAccount -->
        <test-method signature="createA()[pri:5, instance:Framework.TestTest@17fc391b]" started-at="2023-03-28T16:42:59 IST" name="createA" finished-at="2023-03-28T16:43:05 IST" duration-ms="6550" status="PASS">
          <reporter-output>
          </reporter-output>
        </test-method> <!-- createA -->
        <test-method signature="createAcc()[pri:6, instance:Framework.TestTest@17fc391b]" started-at="2023-03-28T16:43:05 IST" name="createAcc" finished-at="2023-03-28T16:43:13 IST" duration-ms="7548" status="PASS">
          <reporter-output>
          </reporter-output>
        </test-method> <!-- createAcc -->
        <test-method signature="createe()[pri:7, instance:Framework.TestTest@17fc391b]" started-at="2023-03-28T16:43:13 IST" name="createe" finished-at="2023-03-28T16:43:20 IST" duration-ms="6695" status="PASS">
          <reporter-output>
          </reporter-output>
        </test-method> <!-- createe -->
        <test-method signature="created()[pri:8, instance:Framework.TestTest@17fc391b]" started-at="2023-03-28T16:43:20 IST" name="created" finished-at="2023-03-28T16:43:28 IST" duration-ms="7971" status="PASS">
          <reporter-output>
          </reporter-output>
        </test-method> <!-- created -->
        <test-method signature="createdd()[pri:9, instance:Framework.TestTest@17fc391b]" started-at="2023-03-28T16:43:28 IST" name="createdd" finished-at="2023-03-28T16:43:40 IST" duration-ms="12612" status="PASS">
          <reporter-output>
          </reporter-output>
        </test-method> <!-- createdd -->
      </class> <!-- Framework.TestTest -->
    </test> <!-- Default test -->
  </suite> <!-- Default suite -->
</testng-results>
